Hardware model detected: Gigabyte Technology Co., Ltd. B450M DS3H; UEFI mode: False
Processor model detected: AMD Ryzen 5 2600X Six-Core Processor
Memory statistics: 15796252 available out of 16330956 total installed
Could not detect virtual system: ['/usr/bin/systemd-detect-virt'] exited with abnormal exit code [256]: b'none\r\n'
System is not running in a VM: ['/usr/bin/systemd-detect-virt'] exited with abnormal exit code [256]: b'none\r\n'
Virtualization detected: None; is VM: None
Graphics devices detected: dict_keys(['NVIDIA Corporation TU106 [GeForce RTX 2070] (rev a1)'])
Disk states before installing: {'blockdevices': [{'name': 'loop0', 'fstype': 'squashfs', 'fsver': '4.0', 'label': None, 'uuid': None, 'fsavail': '0', 'fsuse%': '100%', 'mountpoints': ['/run/archiso/airootfs'], 'type': 'loop', 'size': '686.9M'}, {'name': 'sda', 'fstype': None, 'fsver': None, 'label': None, 'uuid': None, 'fsavail': None, 'fsuse%': None, 'mountpoints': [None], 'type': 'disk', 'size': '3.8G', 'children': [{'name': 'sda1', 'fstype': 'vfat', 'fsver': 'FAT32', 'label': 'ARCH_202210', 'uuid': 'D015-B797', 'fsavail': '3G', 'fsuse%': '20%', 'mountpoints': ['/run/archiso/bootmnt'], 'type': 'part', 'size': '3.7G'}]}, {'name': 'nvme0n1', 'fstype': None, 'fsver': None, 'label': None, 'uuid': None, 'fsavail': None, 'fsuse%': None, 'mountpoints': [None], 'type': 'disk', 'size': '465.8G', 'children': [{'name': 'nvme0n1p1', 'fstype': 'ntfs', 'fsver': None, 'label': 'System Reserved', 'uuid': 'E4AC2418AC23E430', 'fsavail': None, 'fsuse%': None, 'mountpoints': [None], 'type': 'part', 'size': '50M'}, {'name': 'nvme0n1p2', 'fstype': 'ntfs', 'fsver': None, 'label': None, 'uuid': '9A8E24888E245F4F', 'fsavail': None, 'fsuse%': None, 'mountpoints': [None], 'type': 'part', 'size': '465.2G'}, {'name': 'nvme0n1p3', 'fstype': 'ntfs', 'fsver': None, 'label': None, 'uuid': '28F02A1FF029F42A', 'fsavail': None, 'fsuse%': None, 'mountpoints': [None], 'type': 'part', 'size': '509M'}]}, {'name': 'nvme1n1', 'fstype': None, 'fsver': None, 'label': None, 'uuid': None, 'fsavail': None, 'fsuse%': None, 'mountpoints': [None], 'type': 'disk', 'size': '465.8G', 'children': [{'name': 'nvme1n1p1', 'fstype': 'btrfs', 'fsver': None, 'label': None, 'uuid': '18d4201f-d7ec-41d8-ac94-79b6e69abd04', 'fsavail': None, 'fsuse%': None, 'mountpoints': [None], 'type': 'part', 'size': '200M'}, {'name': 'nvme1n1p2', 'fstype': None, 'fsver': None, 'label': None, 'uuid': None, 'fsavail': None, 'fsuse%': None, 'mountpoints': [None], 'type': 'part', 'size': '465.6G'}]}]}
Testing connectivity to the Arch Linux mirrors ...
Updating archlinux-keyring ...
Hardware model detected: Gigabyte Technology Co., Ltd. B450M DS3H; UEFI mode: False
Processor model detected: AMD Ryzen 5 2600X Six-Core Processor
Memory statistics: 15762080 available out of 16330956 total installed
Could not detect virtual system: ['/usr/bin/systemd-detect-virt'] exited with abnormal exit code [256]: b'none\r\n'
System is not running in a VM: ['/usr/bin/systemd-detect-virt'] exited with abnormal exit code [256]: b'none\r\n'
Virtualization detected: None; is VM: None
Graphics devices detected: dict_keys(['NVIDIA Corporation TU106 [GeForce RTX 2070] (rev a1)'])
Disk states before installing: {'blockdevices': [{'name': 'loop0', 'fstype': 'squashfs', 'fsver': '4.0', 'label': None, 'uuid': None, 'fsavail': '0', 'fsuse%': '100%', 'mountpoints': ['/run/archiso/airootfs'], 'type': 'loop', 'size': '686.9M'}, {'name': 'sda', 'fstype': None, 'fsver': None, 'label': None, 'uuid': None, 'fsavail': None, 'fsuse%': None, 'mountpoints': [None], 'type': 'disk', 'size': '3.8G', 'children': [{'name': 'sda1', 'fstype': 'vfat', 'fsver': 'FAT32', 'label': 'ARCH_202210', 'uuid': 'D015-B797', 'fsavail': '3G', 'fsuse%': '20%', 'mountpoints': ['/run/archiso/bootmnt'], 'type': 'part', 'size': '3.7G'}]}, {'name': 'nvme0n1', 'fstype': None, 'fsver': None, 'label': None, 'uuid': None, 'fsavail': None, 'fsuse%': None, 'mountpoints': [None], 'type': 'disk', 'size': '465.8G', 'children': [{'name': 'nvme0n1p1', 'fstype': 'ntfs', 'fsver': None, 'label': 'System Reserved', 'uuid': 'E4AC2418AC23E430', 'fsavail': None, 'fsuse%': None, 'mountpoints': [None], 'type': 'part', 'size': '50M'}, {'name': 'nvme0n1p2', 'fstype': 'ntfs', 'fsver': None, 'label': None, 'uuid': '9A8E24888E245F4F', 'fsavail': None, 'fsuse%': None, 'mountpoints': [None], 'type': 'part', 'size': '465.2G'}, {'name': 'nvme0n1p3', 'fstype': 'ntfs', 'fsver': None, 'label': None, 'uuid': '28F02A1FF029F42A', 'fsavail': None, 'fsuse%': None, 'mountpoints': [None], 'type': 'part', 'size': '509M'}]}, {'name': 'nvme1n1', 'fstype': None, 'fsver': None, 'label': None, 'uuid': None, 'fsavail': None, 'fsuse%': None, 'mountpoints': [None], 'type': 'disk', 'size': '465.8G', 'children': [{'name': 'nvme1n1p1', 'fstype': 'btrfs', 'fsver': None, 'label': None, 'uuid': '18d4201f-d7ec-41d8-ac94-79b6e69abd04', 'fsavail': None, 'fsuse%': None, 'mountpoints': [None], 'type': 'part', 'size': '200M'}, {'name': 'nvme1n1p2', 'fstype': None, 'fsver': None, 'label': None, 'uuid': None, 'fsavail': None, 'fsuse%': None, 'mountpoints': [None], 'type': 'part', 'size': '465.6G'}]}]}
Testing connectivity to the Arch Linux mirrors ...
Setting font: LatGrkCyr-8x16
Password strength: moderate
 -- Chosen configuration --
{
    "HSM": null,
    "__separator__": null,
    "additional-repositories": [],
    "archinstall-language": "English",
    "audio": "pipewire",
    "bootloader": "grub-install",
    "config_version": "2.5.1",
    "debug": false,
    "desktop-environment": "i3",
    "gfx_driver": "Nvidia (open kernel module for newer GPUs, Turing+)",
    "harddrives": [
        "/dev/nvme1n1"
    ],
    "hostname": "arch",
    "kernels": [
        "linux"
    ],
    "keyboard-layout": "us",
    "mirror-region": {
        "Sweden": {
            "http://ftp.acc.umu.se/mirror/archlinux/$repo/os/$arch": true,
            "http://ftp.myrveln.se/pub/linux/archlinux/$repo/os/$arch": true,
            "http://ftpmirror.infania.net/mirror/archlinux/$repo/os/$arch": true,
            "https://ftp.acc.umu.se/mirror/archlinux/$repo/os/$arch": true,
            "https://ftp.ludd.ltu.se/mirrors/archlinux/$repo/os/$arch": true,
            "https://ftp.myrveln.se/pub/linux/archlinux/$repo/os/$arch": true,
            "https://mirror.osbeck.com/archlinux/$repo/os/$arch": true
        }
    },
    "nic": {
        "dhcp": true,
        "dns": null,
        "gateway": null,
        "iface": null,
        "ip": null,
        "type": "iso"
    },
    "no_pkg_lookups": false,
    "ntp": true,
    "offline": false,
    "packages": [
        "git",
        "code",
        "polybar",
        "alacritty",
        "chromium",
        "picom",
        "feh"
    ],
    "parallel downloads": 0,
    "profile": {
        "path": "/usr/lib/python3.10/site-packages/archinstall/profiles/desktop.py"
    },
    "save_config": null,
    "script": "guided",
    "silent": false,
    "swap": true,
    "sys-encoding": "UTF-8",
    "sys-language": "en_US",
    "timezone": "UTC",
    "version": "2.5.1"
}
{
    "/dev/nvme1n1": {
        "partitions": [
            {
                "boot": true,
                "encrypted": false,
                "filesystem": {
                    "format": "fat32"
                },
                "mountpoint": "/boot",
                "size": "203MiB",
                "start": "3MiB",
                "type": "primary",
                "wipe": true
            },
            {
                "encrypted": false,
                "filesystem": {
                    "format": "ext4",
                    "mount_options": []
                },
                "mountpoint": "/",
                "size": "20GiB",
                "start": "206MiB",
                "type": "primary",
                "wipe": true
            },
            {
                "encrypted": false,
                "filesystem": {
                    "format": "ext4",
                    "mount_options": []
                },
                "mountpoint": "/home",
                "size": "100%",
                "start": "20GiB",
                "type": "primary",
                "wipe": true
            }
        ],
        "wipe": true
    }
}
Creating a new partition label on /dev/nvme1n1
Adding partition to BlockDevice(/dev/nvme1n1, size=465.8GB, free_space=3145kB+3146kB+24.6kB, bus_type=nvme), 3MiB->203MiB
Adding partition using the following parted command: /dev/nvme1n1 mkpart primary fat32 3MiB 203MiB
Formatting /dev/nvme1n1p1 -> vfat
/usr/bin/mkfs.vfat -F32 /dev/nvme1n1p1
Marking partition Partition(path=/dev/nvme1n1p1, size=0.2, PARTUUID=b3769cd1-01, fs=vfat) as bootable.
Setting boot on on (parted) partition index 1
Adding partition to BlockDevice(/dev/nvme1n1, size=465.8GB, free_space=3145kB+3146kB+24.6kB, bus_type=nvme), 206MiB->20GiB
Adding partition using the following parted command: /dev/nvme1n1 mkpart primary ext4 206MiB 20GiB
Could not get UUID for partition. Waiting 0s before retrying.
Could not get UUID for partition. Waiting 1s before retrying.
Formatting /dev/nvme1n1p2 -> ext4
Adding partition to BlockDevice(/dev/nvme1n1, size=465.8GB, free_space=3145kB+3146kB+24.6kB, bus_type=nvme), 20GiB->100%
Adding partition using the following parted command: /dev/nvme1n1 mkpart primary ext4 20GiB 100%
Formatting /dev/nvme1n1p3 -> ext4
Mounting / to /mnt/archinstall/ using Partition(path=/dev/nvme1n1p2, size=19.8, PARTUUID=b3769cd1-02, fs=ext4)
Mounting /boot to /mnt/archinstall/boot using Partition(path=/dev/nvme1n1p1, size=0.2, PARTUUID=b3769cd1-01, fs=vfat)
Mounting /home to /mnt/archinstall/home using Partition(path=/dev/nvme1n1p3, size=445.8, PARTUUID=b3769cd1-03, fs=ext4)
Using mount order: [('/', <function Installer.mount_ordered_layout.<locals>.<lambda> at 0x7f8ede1bcf70>), ('/boot', <function Installer.mount_ordered_layout.<locals>.<lambda> at 0x7f8ede1bc310>), ('/home', <function Installer.mount_ordered_layout.<locals>.<lambda> at 0x7f8ede1bcb80>)]
Mounting Partition(path=/dev/nvme1n1p2, size=19.8, PARTUUID=b3769cd1-02, fs=ext4) to /mnt/archinstall/
Getting mount information for device path /mnt/archinstall
Mounting Partition(path=/dev/nvme1n1p1, size=0.2, PARTUUID=b3769cd1-01, fs=vfat) to /mnt/archinstall/boot
Getting mount information for device path /mnt/archinstall/boot
Mounting Partition(path=/dev/nvme1n1p3, size=445.8, PARTUUID=b3769cd1-03, fs=ext4) to /mnt/archinstall/home
Getting mount information for device path /mnt/archinstall/home
Filtering available mounts {PosixPath('/mnt/archinstall'): Partition(path=/dev/nvme1n1p2, size=19.8, PARTUUID=b3769cd1-02, fs=ext4, mounted=/mnt/archinstall), PosixPath('/mnt/archinstall/home'): Partition(path=/dev/nvme1n1p3, size=445.8, PARTUUID=b3769cd1-03, fs=ext4, mounted=/mnt/archinstall/home), PosixPath('/run/archiso/bootmnt'): Partition(path=/dev/sda1, size=3.7, PARTUUID=08044c7d-01, fs=vfat, mounted=/run/archiso/bootmnt), PosixPath('/mnt/archinstall/boot'): Partition(path=/dev/nvme1n1p1, size=0.2, PARTUUID=b3769cd1-01, fs=vfat, mounted=/mnt/archinstall/boot)} to those under /mnt/archinstall
Available partitions: {PosixPath('/mnt/archinstall'): Partition(path=/dev/nvme1n1p2, size=19.8, PARTUUID=b3769cd1-02, fs=ext4, mounted=/mnt/archinstall), PosixPath('/mnt/archinstall/boot'): Partition(path=/dev/nvme1n1p1, size=0.2, PARTUUID=b3769cd1-01, fs=vfat, mounted=/mnt/archinstall/boot), PosixPath('/mnt/archinstall/home'): Partition(path=/dev/nvme1n1p3, size=445.8, PARTUUID=b3769cd1-03, fs=ext4, mounted=/mnt/archinstall/home)}
Waiting for automatic mirror selection (reflector) to complete.
A new package mirror-list has been created: /etc/pacman.d/mirrorlist
Filtering available mounts {PosixPath('/mnt/archinstall'): Partition(path=/dev/nvme1n1p2, size=19.8, PARTUUID=b3769cd1-02, fs=ext4, mounted=/mnt/archinstall), PosixPath('/mnt/archinstall/home'): Partition(path=/dev/nvme1n1p3, size=445.8, PARTUUID=b3769cd1-03, fs=ext4, mounted=/mnt/archinstall/home), PosixPath('/run/archiso/bootmnt'): Partition(path=/dev/sda1, size=3.7, PARTUUID=08044c7d-01, fs=vfat, mounted=/run/archiso/bootmnt), PosixPath('/mnt/archinstall/boot'): Partition(path=/dev/nvme1n1p1, size=0.2, PARTUUID=b3769cd1-01, fs=vfat, mounted=/mnt/archinstall/boot)} to those under /mnt/archinstall
Available partitions: {PosixPath('/mnt/archinstall'): Partition(path=/dev/nvme1n1p2, size=19.8, PARTUUID=b3769cd1-02, fs=ext4, mounted=/mnt/archinstall), PosixPath('/mnt/archinstall/boot'): Partition(path=/dev/nvme1n1p1, size=0.2, PARTUUID=b3769cd1-01, fs=vfat, mounted=/mnt/archinstall/boot), PosixPath('/mnt/archinstall/home'): Partition(path=/dev/nvme1n1p3, size=445.8, PARTUUID=b3769cd1-03, fs=ext4, mounted=/mnt/archinstall/home)}
System is not running in a VM: ['/usr/bin/systemd-detect-virt'] exited with abnormal exit code [256]: b'none\r\n'
The multilib flag is not set. This system will be installed without multilib repositories enabled.
The testing flag is not set. This system will be installed without testing repositories enabled.
Installing packages: ['base', 'base-devel', 'linux-firmware', 'linux', 'grub', 'amd-ucode']
Enabling periodic TRIM
Enabling service fstrim.timer
Setting up swap on zram
Installing packages: ('zram-generator',)
Enabling service systemd-zram-setup@zram0.service
Filtering available mounts {PosixPath('/mnt/archinstall'): Partition(path=/dev/nvme1n1p2, size=19.8, PARTUUID=b3769cd1-02, fs=ext4, mounted=/mnt/archinstall), PosixPath('/mnt/archinstall/home'): Partition(path=/dev/nvme1n1p3, size=445.8, PARTUUID=b3769cd1-03, fs=ext4, mounted=/mnt/archinstall/home), PosixPath('/run/archiso/bootmnt'): Partition(path=/dev/sda1, size=3.7, PARTUUID=08044c7d-01, fs=vfat, mounted=/run/archiso/bootmnt), PosixPath('/mnt/archinstall/boot'): Partition(path=/dev/nvme1n1p1, size=0.2, PARTUUID=b3769cd1-01, fs=vfat, mounted=/mnt/archinstall/boot)} to those under /mnt/archinstall
Available partitions: {PosixPath('/mnt/archinstall'): Partition(path=/dev/nvme1n1p2, size=19.8, PARTUUID=b3769cd1-02, fs=ext4, mounted=/mnt/archinstall), PosixPath('/mnt/archinstall/boot'): Partition(path=/dev/nvme1n1p1, size=0.2, PARTUUID=b3769cd1-01, fs=vfat, mounted=/mnt/archinstall/boot), PosixPath('/mnt/archinstall/home'): Partition(path=/dev/nvme1n1p3, size=445.8, PARTUUID=b3769cd1-03, fs=ext4, mounted=/mnt/archinstall/home)}
Adding bootloader grub-install to Partition(path=/dev/nvme1n1p1, size=0.2, PARTUUID=b3769cd1-01, fs=vfat, mounted=/mnt/archinstall/boot)
Installing packages: ('grub',)
GRUB uses /dev/nvme1n1p1 as the boot partition.
Enabling service systemd-networkd
Enabling service systemd-resolved
This audio server will be used: pipewire
Installing pipewire
Installing packages: ['pipewire', 'pipewire-alsa', 'pipewire-jack', 'pipewire-pulse', 'gst-plugin-pipewire', 'libpulse', 'wireplumber']
Installing packages: ['git', 'code', 'polybar', 'alacritty', 'chromium', 'picom', 'feh']
Installing archinstall profile Profile(desktop)
Installing packages: ['nano', 'vim', 'openssh', 'htop', 'wget', 'iwd', 'wireless_tools', 'wpa_supplicant', 'smartmontools', 'xdg-utils']
Installing archinstall profile Profile(i3)
Installing packages: ['i3lock', 'i3status', 'i3blocks', 'xterm']
Installing archinstall profile Profile(xorg)
Installing packages: ('xorg-server', 'xorg-xinit', 'nvidia-open')
Installing packages: ['lightdm-gtk-greeter', 'lightdm', 'dmenu']
Enabling service lightdm
Installing packages: ('i3-gaps',)
Creating user marre
Setting password for marre
Enabling sudo permissions for marre.
Activating systemd-timesyncd for time synchronization using Arch Linux and ntp.org NTP servers.
Enabling service systemd-timesyncd
Setting keyboard language to us
Keyboard language for this installation is now set to: us
Updating /mnt/archinstall/etc/fstab
For post-installation tips, see https://wiki.archlinux.org/index.php/Installation_guide#Post-installation
Installation completed without any errors. You may now reboot.
